#
# A fatal error has been detected by the Java Runtime Environment:
#
#  SIGSEGV (0xb) at pc=0x00007f057c5da401, pid=120, tid=170
#
# JRE version: OpenJDK Runtime Environment (11.0.8+10) (build 11.0.8+10-post-Ubuntu-0ubuntu118.04.1)
# Java VM: OpenJDK 64-Bit Server VM (11.0.8+10-post-Ubuntu-0ubuntu118.04.1, mixed mode, sharing, tiered, compressed oops, serial gc, linux-amd64)
# Problematic frame:
# C  [libjimage.so+0x2401]
#
# Core dump will be written. Default location: Core dumps may be processed with "/usr/share/apport/apport %p %s %c %d %P %E" (or dumping to /home/runner/a8q2-younj1601/core.120)
#
# If you would like to submit a bug report, please visit:
#   https://bugs.launchpad.net/ubuntu/+source/openjdk-lts
#

---------------  S U M M A R Y ------------

Command Line: Main

Host: Intel(R) Xeon(R) CPU @ 2.30GHz, 4 cores, 512M, Ubuntu 18.04.5 LTS
Time: Fri Oct 30 14:00:12 2020 UTC elapsed time: 10 seconds (0d 0h 0m 10s)

---------------  T H R E A D  ---------------

Current thread (0x00007f0578217000):  JavaThread "AWT-EventQueue-0" [_thread_in_vm, id=170, stack(0x00007f0535114000,0x00007f0535215000)]

Stack: [0x00007f0535114000,0x00007f0535215000],  sp=0x00007f053520ff70,  free space=1007k
Native frames: (J=compiled Java code, A=aot compiled Java code, j=interpreted, Vv=VM code, C=native code)
C  [libjimage.so+0x2401]
C  [libjimage.so+0x30ea]
C  [libjimage.so+0x35c6]  JIMAGE_FindResource+0xd6
V  [libjvm.so+0x59097e]
V  [libjvm.so+0x5936e0]
V  [libjvm.so+0xd50b85]
V  [libjvm.so+0xd4e51a]
V  [libjvm.so+0xd51112]
V  [libjvm.so+0x645bed]
V  [libjvm.so+0x83f24c]
j  javax.swing.plaf.metal.DefaultMetalTheme$FontDelegate.getPrivilegedFont(I)Ljava/awt/Font;+0 java.desktop@11.0.8
j  javax.swing.plaf.metal.DefaultMetalTheme$FontDelegate.getFont(I)Ljavax/swing/plaf/FontUIResource;+17 java.desktop@11.0.8
j  javax.swing.plaf.metal.DefaultMetalTheme.getFont(I)Ljavax/swing/plaf/FontUIResource;+5 java.desktop@11.0.8
j  javax.swing.plaf.metal.DefaultMetalTheme.getControlTextFont()Ljavax/swing/plaf/FontUIResource;+2 java.desktop@11.0.8
j  javax.swing.plaf.metal.MetalLookAndFeel$FontActiveValue.createValue(Ljavax/swing/UIDefaults;)Ljava/lang/Object;+48 java.desktop@11.0.8
j  javax.swing.UIDefaults.getFromHashtable(Ljava/lang/Object;)Ljava/lang/Object;+231 java.desktop@11.0.8
j  javax.swing.UIDefaults.get(Ljava/lang/Object;)Ljava/lang/Object;+2 java.desktop@11.0.8
j  javax.swing.MultiUIDefaults.get(Ljava/lang/Object;)Ljava/lang/Object;+45 java.desktop@11.0.8
j  javax.swing.UIDefaults.getFont(Ljava/lang/Object;)Ljava/awt/Font;+2 java.desktop@11.0.8
j  javax.swing.UIManager.getFont(Ljava/lang/Object;)Ljava/awt/Font;+4 java.desktop@11.0.8
j  javax.swing.LookAndFeel.installColorsAndFont(Ljavax/swing/JComponent;Ljava/lang/String;Ljava/lang/String;Ljava/lang/String;)V+21 java.desktop@11.0.8
j  javax.swing.plaf.basic.BasicLabelUI.installDefaults(Ljavax/swing/JLabel;)V+7 java.desktop@11.0.8
j  javax.swing.plaf.basic.BasicLabelUI.installUI(Ljavax/swing/JComponent;)V+5 java.desktop@11.0.8
j  javax.swing.JComponent.setUI(Ljavax/swing/plaf/ComponentUI;)V+52 java.desktop@11.0.8
j  javax.swing.JLabel.setUI(Ljavax/swing/plaf/LabelUI;)V+2 java.desktop@11.0.8
j  javax.swing.JLabel.updateUI()V+8 java.desktop@11.0.8
j  javax.swing.JLabel.<init>(Ljava/lang/String;Ljavax/swing/Icon;I)V+83 java.desktop@11.0.8
j  javax.swing.JLabel.<init>(Ljava/lang/String;)V+5 java.desktop@11.0.8
j  Main.run()V+56
j  java.awt.event.InvocationEvent.dispatch()V+47 java.desktop@11.0.8
j  java.awt.EventQueue.dispatchEventImpl(Ljava/awt/AWTEvent;Ljava/lang/Object;)V+21 java.desktop@11.0.8
j  java.awt.EventQueue$4.run()Ljava/lang/Void;+32 java.desktop@11.0.8
j  java.awt.EventQueue$4.run()Ljava/lang/Object;+1 java.desktop@11.0.8
v  ~StubRoutines::call_stub
V  [libjvm.so+0x84eb09]
V  [libjvm.so+0x90313f]  JVM_DoPrivileged+0x61f
j  java.security.AccessController.doPrivileged(Ljava/security/PrivilegedAction;Ljava/security/AccessControlContext;)Ljava/lang/Object;+0 java.base@11.0.8
j  java.security.ProtectionDomain$JavaSecurityAccessImpl.doIntersectionPrivilege(Ljava/security/PrivilegedAction;Ljava/security/AccessControlContext;Ljava/security/AccessControlContext;)Ljava/lang/Object;+18 java.base@11.0.8
j  java.awt.EventQueue.dispatchEvent(Ljava/awt/AWTEvent;)V+46 java.desktop@11.0.8
j  java.awt.EventDispatchThread.pumpOneEventForFilters(I)V+78 java.desktop@11.0.8
j  java.awt.EventDispatchThread.pumpEventsForFilter(ILjava/awt/Conditional;Ljava/awt/EventFilter;)V+35 java.desktop@11.0.8
j  java.awt.EventDispatchThread.pumpEventsForHierarchy(ILjava/awt/Conditional;Ljava/awt/Component;)V+11 java.desktop@11.0.8
j  java.awt.EventDispatchThread.pumpEvents(ILjava/awt/Conditional;)V+4 java.desktop@11.0.8
j  java.awt.EventDispatchThread.pumpEvents(Ljava/awt/Conditional;)V+3 java.desktop@11.0.8
j  java.awt.EventDispatchThread.run()V+9 java.desktop@11.0.8
v  ~StubRoutines::call_stub
V  [libjvm.so+0x84eb09]
V  [libjvm.so+0x84cc4d]
V  [libjvm.so+0x8f6c9c]
V  [libjvm.so+0xd8996f]
V  [libjvm.so+0xd860bf]
V  [libjvm.so+0xbd632e]

Java frames: (J=compiled Java code, j=interpreted, Vv=VM code)
j  javax.swing.plaf.metal.DefaultMetalTheme$FontDelegate.getPrivilegedFont(I)Ljava/awt/Font;+0 java.desktop@11.0.8
j  javax.swing.plaf.metal.DefaultMetalTheme$FontDelegate.getFont(I)Ljavax/swing/plaf/FontUIResource;+17 java.desktop@11.0.8
j  javax.swing.plaf.metal.DefaultMetalTheme.getFont(I)Ljavax/swing/plaf/FontUIResource;+5 java.desktop@11.0.8
j  javax.swing.plaf.metal.DefaultMetalTheme.getControlTextFont()Ljavax/swing/plaf/FontUIResource;+2 java.desktop@11.0.8
j  javax.swing.plaf.metal.MetalLookAndFeel$FontActiveValue.createValue(Ljavax/swing/UIDefaults;)Ljava/lang/Object;+48 java.desktop@11.0.8
j  javax.swing.UIDefaults.getFromHashtable(Ljava/lang/Object;)Ljava/lang/Object;+231 java.desktop@11.0.8
j  javax.swing.UIDefaults.get(Ljava/lang/Object;)Ljava/lang/Object;+2 java.desktop@11.0.8
j  javax.swing.MultiUIDefaults.get(Ljava/lang/Object;)Ljava/lang/Object;+45 java.desktop@11.0.8
j  javax.swing.UIDefaults.getFont(Ljava/lang/Object;)Ljava/awt/Font;+2 java.desktop@11.0.8
j  javax.swing.UIManager.getFont(Ljava/lang/Object;)Ljava/awt/Font;+4 java.desktop@11.0.8
j  javax.swing.LookAndFeel.installColorsAndFont(Ljavax/swing/JComponent;Ljava/lang/String;Ljava/lang/String;Ljava/lang/String;)V+21 java.desktop@11.0.8
j  javax.swing.plaf.basic.BasicLabelUI.installDefaults(Ljavax/swing/JLabel;)V+7 java.desktop@11.0.8
j  javax.swing.plaf.basic.BasicLabelUI.installUI(Ljavax/swing/JComponent;)V+5 java.desktop@11.0.8
j  javax.swing.JComponent.setUI(Ljavax/swing/plaf/ComponentUI;)V+52 java.desktop@11.0.8
j  javax.swing.JLabel.setUI(Ljavax/swing/plaf/LabelUI;)V+2 java.desktop@11.0.8
j  javax.swing.JLabel.updateUI()V+8 java.desktop@11.0.8
j  javax.swing.JLabel.<init>(Ljava/lang/String;Ljavax/swing/Icon;I)V+83 java.desktop@11.0.8
j  javax.swing.JLabel.<init>(Ljava/lang/String;)V+5 java.desktop@11.0.8
j  Main.run()V+56
j  java.awt.event.InvocationEvent.dispatch()V+47 java.desktop@11.0.8
j  java.awt.EventQueue.dispatchEventImpl(Ljava/awt/AWTEvent;Ljava/lang/Object;)V+21 java.desktop@11.0.8
j  java.awt.EventQueue$4.run()Ljava/lang/Void;+32 java.desktop@11.0.8
j  java.awt.EventQueue$4.run()Ljava/lang/Object;+1 java.desktop@11.0.8
v  ~StubRoutines::call_stub
j  java.security.AccessController.doPrivileged(Ljava/security/PrivilegedAction;Ljava/security/AccessControlContext;)Ljava/lang/Object;+0 java.base@11.0.8
j  java.security.ProtectionDomain$JavaSecurityAccessImpl.doIntersectionPrivilege(Ljava/security/PrivilegedAction;Ljava/security/AccessControlContext;Ljava/security/AccessControlContext;)Ljava/lang/Object;+18 java.base@11.0.8
j  java.awt.EventQueue.dispatchEvent(Ljava/awt/AWTEvent;)V+46 java.desktop@11.0.8
j  java.awt.EventDispatchThread.pumpOneEventForFilters(I)V+78 java.desktop@11.0.8
j  java.awt.EventDispatchThread.pumpEventsForFilter(ILjava/awt/Conditional;Ljava/awt/EventFilter;)V+35 java.desktop@11.0.8
j  java.awt.EventDispatchThread.pumpEventsForHierarchy(ILjava/awt/Conditional;Ljava/awt/Component;)V+11 java.desktop@11.0.8
j  java.awt.EventDispatchThread.pumpEvents(ILjava/awt/Conditional;)V+4 java.desktop@11.0.8
j  java.awt.EventDispatchThread.pumpEvents(Ljava/awt/Conditional;)V+3 java.desktop@11.0.8
j  java.awt.EventDispatchThread.run()V+9 java.desktop@11.0.8
v  ~StubRoutines::call_stub

siginfo: si_signo: 11 (SIGSEGV), si_code: 1 (SEGV_MAPERR), si_addr: 0x00007f056f902a50

Register to memory mapping:

RAX=0x000000000000028d is an unknown value
RBX=0x00007f0535210021 is pointing into the stack for thread: 0x00007f0578217000
RCX=0x00007f056f90201c is an unknown value
RDX=0x000000000000028d is an unknown value
RSP=0x00007f053520ff70 is pointing into the stack for thread: 0x00007f0578217000
RBP=0x00007f053520ff90 is pointing into the stack for thread: 0x00007f0578217000
RSI=0x00007f0535210020 is pointing into the stack for thread: 0x00007f0578217000
RDI=0x00007f057c7dd030: <offset 0x0000000000205030> in /usr/lib/jvm/java-11-openjdk-amd64/lib/libjimage.so at 0x00007f057c5d8000
R8 =0x0 is NULL
R9 =0x00000000122ad9a6 is an unknown value
R10=0x00007f0535210060 is pointing into the stack for thread: 0x00007f0578217000
R11=0x00007f057e61307d: <offset 0x0000000000eb307d> in /usr/lib/jvm/java-11-openjdk-amd64/lib/server/libjvm.so at 0x00007f057d760000
R12=0x00007f0535210020 is pointing into the stack for thread: 0x00007f0578217000
R13=0x00000000000083bc is an unknown value
R14=0x00007f05352110b8 is pointing into the stack for thread: 0x00007f0578217000
R15=0x00007f0540028ae0 points into unknown readable memory: 6a 61 76 61 78 2f 73 77


Registers:
RAX=0x000000000000028d, RBX=0x00007f0535210021, RCX=0x00007f056f90201c, RDX=0x000000000000028d
RSP=0x00007f053520ff70, RBP=0x00007f053520ff90, RSI=0x00007f0535210020, RDI=0x00007f057c7dd030
R8 =0x0000000000000000, R9 =0x00000000122ad9a6, R10=0x00007f0535210060, R11=0x00007f057e61307d
R12=0x00007f0535210020, R13=0x00000000000083bc, R14=0x00007f05352110b8, R15=0x00007f0540028ae0
RIP=0x00007f057c5da401, EFLAGS=0x0000000000010246, CSGSFS=0x002b000000000033, ERR=0x0000000000000004
  TRAPNO=0x000000000000000e

Top of Stack: (sp=0x00007f053520ff70)
0x00007f053520ff70:   0000000000000000 00007f0578009600
0x00007f053520ff80:   0000000000000000 00007f0535210020
0x00007f053520ff90:   00007f0535210000 00007f057c5db0ea
0x00007f053520ffa0:   00007f0578210000 0000000000000000 

Instructions: (pc=0x00007f057c5da401)
0x00007f057c5da301:   c5 4c 01 e3 48 89 ce e8 d3 f3 ff ff e9 69 fd ff
0x00007f057c5da311:   ff 89 d1 0f b7 74 08 fe 66 41 89 74 0e fe e9 7a
0x00007f057c5da321:   fe ff ff 0f 1f 40 00 8b 08 49 8d 1c 16 41 89 0e
0x00007f057c5da331:   89 d1 8b 74